2025-06-01T05:43:54.695+05:30  WARN 20520 --- [HikariPool-1 housekeeper] com.zaxxer.hikari.pool.HikariPool        : HikariPool-1 - Thread starvation or clock leap detected (housekeeper delta=10h4m53s702ms199µs).
2025-06-01T05:45:50.339+05:30  INFO 20520 --- [http-nio-8080-exec-3] o.a.c.c.C.[Tomcat].[localhost].[/]       : Initializing Spring DispatcherServlet 'dispatcherServlet'
2025-06-01T05:45:50.340+05:30  INFO 20520 --- [http-nio-8080-exec-3] o.s.web.servlet.DispatcherServlet        : Initializing Servlet 'dispatcherServlet'
2025-06-01T05:45:50.341+05:30  INFO 20520 --- [http-nio-8080-exec-3] o.s.web.servlet.DispatcherServlet        : Completed initialization in 0 ms
2025-06-01T05:45:50.426+05:30  INFO 20520 --- [http-nio-8080-exec-3] demo.aop.AspectConfig$$SpringCGLIB$$0    : Request =InQueryRequest(firstNames=[Abdul])
2025-06-01T05:45:54.879+05:30  INFO 20520 --- [RMI TCP Connection(8)-127.0.0.1] inMXBeanRegistrar$SpringApplicationAdmin : Application shutdown requested.
2025-06-01T05:45:54.881+05:30  INFO 20520 --- [RMI TCP Connection(8)-127.0.0.1] o.s.b.w.e.tomcat.GracefulShutdown        : Commencing graceful shutdown. Waiting for active requests to complete
2025-06-01T05:45:55.628+05:30  INFO 20520 --- [RMI TCP Connection(9)-127.0.0.1] inMXBeanRegistrar$SpringApplicationAdmin : Application shutdown requested.
2025-06-01T05:45:56.323+05:30  INFO 20520 --- [RMI TCP Connection(10)-127.0.0.1] inMXBeanRegistrar$SpringApplicationAdmin : Application shutdown requested.
2025-06-01T05:45:56.963+05:30  INFO 20520 --- [RMI TCP Connection(11)-127.0.0.1] inMXBeanRegistrar$SpringApplicationAdmin : Application shutdown requested.
2025-06-01T05:46:00.930+05:30  INFO 20520 --- [File Watcher] rtingClassPathChangeChangedEventListener : Restarting due to 1 class path change (1 addition, 0 deletions, 0 modifications)
2025-06-01T05:46:02.715+05:30  INFO 20520 --- [RMI TCP Connection(12)-127.0.0.1] inMXBeanRegistrar$SpringApplicationAdmin : Application shutdown requested.
2025-06-01T05:46:03.867+05:30  INFO 20520 --- [RMI TCP Connection(13)-127.0.0.1] inMXBeanRegistrar$SpringApplicationAdmin : Application shutdown requested.
2025-06-01T05:46:04.892+05:30  INFO 20520 --- [RMI TCP Connection(14)-127.0.0.1] inMXBeanRegistrar$SpringApplicationAdmin : Application shutdown requested.
2025-06-01T05:46:24.904+05:30  INFO 20520 --- [RMI TCP Connection(8)-127.0.0.1] o.s.c.support.DefaultLifecycleProcessor  : Shutdown phase 2147482623 ends with 1 bean still running after timeout of 30000ms: [webServerGracefulShutdown]
2025-06-01T05:46:24.963+05:30  INFO 20520 --- [tomcat-shutdown] o.s.b.w.e.tomcat.GracefulShutdown        : Graceful shutdown aborted with one or more requests still active
2025-06-01T05:46:29.915+05:30  WARN 20520 --- [RMI TCP Connection(8)-127.0.0.1] org.apache.tomcat.util.net.NioEndpoint   : The executor associated with thread pool [http-nio-8080] has not fully shutdown. Some application threads may still be running.
2025-06-01T05:46:29.922+05:30  INFO 20520 --- [RMI TCP Connection(8)-127.0.0.1] j.LocalContainerEntityManagerFactoryBean : Closing JPA EntityManagerFactory for persistence unit 'default'
2025-06-01T05:46:29.924+05:30  INFO 20520 --- [RMI TCP Connection(8)-127.0.0.1] com.zaxxer.hikari.HikariDataSource       : HikariPool-1 - Shutdown initiated...
2025-06-01T05:46:29.929+05:30  INFO 20520 --- [RMI TCP Connection(8)-127.0.0.1] com.zaxxer.hikari.HikariDataSource       : HikariPool-1 - Shutdown completed.
2025-06-01T05:46:32.313+05:30  INFO 20520 --- [restartedMain] demo.DemoApplication                     : Starting DemoApplication using Java 21.0.7 with PID 20520 (C:\Users\abdul\OneDrive\Desktop\Projects\Eclipse\demo\target\classes started by abdul in C:\Users\abdul\OneDrive\Desktop\Projects\Eclipse\demo)
2025-06-01T05:46:32.313+05:30  INFO 20520 --- [restartedMain] demo.DemoApplication                     : No active profile set, falling back to 1 default profile: "default"
2025-06-01T05:46:32.489+05:30  INFO 20520 --- [restartedMain] .s.d.r.c.RepositoryConfigurationDelegate : Bootstrapping Spring Data JPA repositories in DEFAULT mode.
2025-06-01T05:46:32.501+05:30  INFO 20520 --- [restartedMain] .s.d.r.c.RepositoryConfigurationDelegate : Finished Spring Data repository scanning in 11 ms. Found 3 JPA repository interfaces.
2025-06-01T05:46:33.771+05:30  INFO 20520 --- [restartedMain] o.s.b.w.embedded.tomcat.TomcatWebServer  : Tomcat initialized with port 8080 (http)
2025-06-01T05:46:33.773+05:30  INFO 20520 --- [restartedMain] o.apache.catalina.core.StandardService   : Starting service [Tomcat]
2025-06-01T05:46:33.773+05:30  INFO 20520 --- [restartedMain] o.apache.catalina.core.StandardEngine    : Starting Servlet engine: [Apache Tomcat/10.1.40]
2025-06-01T05:46:33.789+05:30  INFO 20520 --- [restartedMain] o.a.c.c.C.[Tomcat].[localhost].[/]       : Initializing Spring embedded WebApplicationContext
2025-06-01T05:46:33.789+05:30  INFO 20520 --- [restartedMain] w.s.c.ServletWebServerApplicationContext : Root WebApplicationContext: initialization completed in 1474 ms
2025-06-01T05:46:33.828+05:30  INFO 20520 --- [restartedMain] com.zaxxer.hikari.HikariDataSource       : HikariPool-2 - Starting...
2025-06-01T05:46:33.837+05:30  INFO 20520 --- [restartedMain] com.zaxxer.hikari.pool.HikariPool        : HikariPool-2 - Added connection com.mysql.cj.jdbc.ConnectionImpl@2188cb57
2025-06-01T05:46:33.838+05:30  INFO 20520 --- [restartedMain] com.zaxxer.hikari.HikariDataSource       : HikariPool-2 - Start completed.
2025-06-01T05:46:33.839+05:30  INFO 20520 --- [restartedMain] o.hibernate.jpa.internal.util.LogHelper  : HHH000204: Processing PersistenceUnitInfo [name: default]
2025-06-01T05:46:33.841+05:30  INFO 20520 --- [restartedMain] o.h.c.internal.RegionFactoryInitiator    : HHH000026: Second-level cache disabled
2025-06-01T05:46:33.848+05:30  INFO 20520 --- [restartedMain] o.s.o.j.p.SpringPersistenceUnitInfo      : No LoadTimeWeaver setup: ignoring JPA class transformer
2025-06-01T05:46:33.849+05:30  WARN 20520 --- [restartedMain] org.hibernate.orm.deprecation            : HHH90000025: MySQL8Dialect does not need to be specified explicitly using 'hibernate.dialect' (remove the property setting and it will be selected by default)
2025-06-01T05:46:33.849+05:30  WARN 20520 --- [restartedMain] org.hibernate.orm.deprecation            : HHH90000026: MySQL8Dialect has been deprecated; use org.hibernate.dialect.MySQLDialect instead
2025-06-01T05:46:33.849+05:30  INFO 20520 --- [restartedMain] org.hibernate.orm.connections.pooling    : HHH10001005: Database info:
	Database JDBC URL [Connecting through datasource 'HikariDataSource (HikariPool-2)']
	Database driver: undefined/unknown
	Database version: 8.0
	Autocommit mode: undefined/unknown
	Isolation level: undefined/unknown
	Minimum pool size: undefined/unknown
	Maximum pool size: undefined/unknown
2025-06-01T05:46:33.910+05:30  INFO 20520 --- [restartedMain] o.h.e.t.j.p.i.JtaPlatformInitiator       : HHH000489: No JTA platform available (set 'hibernate.transaction.jta.platform' to enable JTA platform integration)
2025-06-01T05:46:33.910+05:30  INFO 20520 --- [restartedMain] j.LocalContainerEntityManagerFactoryBean : Initialized JPA EntityManagerFactory for persistence unit 'default'
2025-06-01T05:46:34.074+05:30  WARN 20520 --- [restartedMain] JpaBaseConfiguration$JpaWebConfiguration : spring.jpa.open-in-view is enabled by default. Therefore, database queries may be performed during view rendering. Explicitly configure spring.jpa.open-in-view to disable this warning
2025-06-01T05:46:34.270+05:30  INFO 20520 --- [restartedMain] o.s.b.d.a.OptionalLiveReloadServer       : LiveReload server is running on port 35729
2025-06-01T05:46:34.278+05:30  INFO 20520 --- [restartedMain] o.s.b.w.embedded.tomcat.TomcatWebServer  : Tomcat started on port 8080 (http) with context path '/'
2025-06-01T05:46:34.281+05:30  INFO 20520 --- [restartedMain] demo.DemoApplication                     : Started DemoApplication in 1.991 seconds (process running for 36576.931)
2025-06-01T05:46:34.283+05:30  INFO 20520 --- [restartedMain] .ConditionEvaluationDeltaLoggingListener : Condition evaluation unchanged
2025-06-01T06:07:25.610+05:30  INFO 24280 --- [restartedMain] demo.DemoApplication                     : Starting DemoApplication using Java 21.0.7 with PID 24280 (C:\Users\abdul\OneDrive\Desktop\Projects\Eclipse\demo\target\classes started by abdul in C:\Users\abdul\OneDrive\Desktop\Projects\Eclipse\demo)
2025-06-01T06:07:25.612+05:30  INFO 24280 --- [restartedMain] demo.DemoApplication                     : No active profile set, falling back to 1 default profile: "default"
2025-06-01T06:07:25.643+05:30  INFO 24280 --- [restartedMain] .e.DevToolsPropertyDefaultsPostProcessor : Devtools property defaults active! Set 'spring.devtools.add-properties' to 'false' to disable
2025-06-01T06:07:25.644+05:30  INFO 24280 --- [restartedMain] .e.DevToolsPropertyDefaultsPostProcessor : For additional web related logging consider setting the 'logging.level.web' property to 'DEBUG'
2025-06-01T06:07:26.108+05:30  INFO 24280 --- [restartedMain] .s.d.r.c.RepositoryConfigurationDelegate : Bootstrapping Spring Data JPA repositories in DEFAULT mode.
2025-06-01T06:07:26.150+05:30  INFO 24280 --- [restartedMain] .s.d.r.c.RepositoryConfigurationDelegate : Finished Spring Data repository scanning in 36 ms. Found 3 JPA repository interfaces.
2025-06-01T06:07:26.591+05:30  INFO 24280 --- [restartedMain] o.s.b.w.embedded.tomcat.TomcatWebServer  : Tomcat initialized with port 8080 (http)
2025-06-01T06:07:26.601+05:30  INFO 24280 --- [restartedMain] o.apache.catalina.core.StandardService   : Starting service [Tomcat]
2025-06-01T06:07:26.601+05:30  INFO 24280 --- [restartedMain] o.apache.catalina.core.StandardEngine    : Starting Servlet engine: [Apache Tomcat/10.1.40]
2025-06-01T06:07:26.642+05:30  INFO 24280 --- [restartedMain] o.a.c.c.C.[Tomcat].[localhost].[/]       : Initializing Spring embedded WebApplicationContext
2025-06-01T06:07:26.642+05:30  INFO 24280 --- [restartedMain] w.s.c.ServletWebServerApplicationContext : Root WebApplicationContext: initialization completed in 998 ms
2025-06-01T06:07:26.747+05:30  INFO 24280 --- [restartedMain] com.zaxxer.hikari.HikariDataSource       : HikariPool-1 - Starting...
2025-06-01T06:07:26.972+05:30  INFO 24280 --- [restartedMain] com.zaxxer.hikari.pool.HikariPool        : HikariPool-1 - Added connection com.mysql.cj.jdbc.ConnectionImpl@38d0b603
2025-06-01T06:07:26.973+05:30  INFO 24280 --- [restartedMain] com.zaxxer.hikari.HikariDataSource       : HikariPool-1 - Start completed.
2025-06-01T06:07:27.007+05:30  INFO 24280 --- [restartedMain] o.hibernate.jpa.internal.util.LogHelper  : HHH000204: Processing PersistenceUnitInfo [name: default]
2025-06-01T06:07:27.052+05:30  INFO 24280 --- [restartedMain] org.hibernate.Version                    : HHH000412: Hibernate ORM core version 6.6.13.Final
2025-06-01T06:07:27.083+05:30  INFO 24280 --- [restartedMain] o.h.c.internal.RegionFactoryInitiator    : HHH000026: Second-level cache disabled
2025-06-01T06:07:27.285+05:30  INFO 24280 --- [restartedMain] o.s.o.j.p.SpringPersistenceUnitInfo      : No LoadTimeWeaver setup: ignoring JPA class transformer
2025-06-01T06:07:27.337+05:30  WARN 24280 --- [restartedMain] org.hibernate.orm.deprecation            : HHH90000025: MySQL8Dialect does not need to be specified explicitly using 'hibernate.dialect' (remove the property setting and it will be selected by default)
2025-06-01T06:07:27.338+05:30  WARN 24280 --- [restartedMain] org.hibernate.orm.deprecation            : HHH90000026: MySQL8Dialect has been deprecated; use org.hibernate.dialect.MySQLDialect instead
2025-06-01T06:07:27.348+05:30  INFO 24280 --- [restartedMain] org.hibernate.orm.connections.pooling    : HHH10001005: Database info:
	Database JDBC URL [Connecting through datasource 'HikariDataSource (HikariPool-1)']
	Database driver: undefined/unknown
	Database version: 8.0
	Autocommit mode: undefined/unknown
	Isolation level: undefined/unknown
	Minimum pool size: undefined/unknown
	Maximum pool size: undefined/unknown
2025-06-01T06:07:28.051+05:30  INFO 24280 --- [restartedMain] o.h.e.t.j.p.i.JtaPlatformInitiator       : HHH000489: No JTA platform available (set 'hibernate.transaction.jta.platform' to enable JTA platform integration)
2025-06-01T06:07:28.054+05:30  INFO 24280 --- [restartedMain] j.LocalContainerEntityManagerFactoryBean : Initialized JPA EntityManagerFactory for persistence unit 'default'
2025-06-01T06:07:28.298+05:30  INFO 24280 --- [restartedMain] o.s.d.j.r.query.QueryEnhancerFactory     : Hibernate is in classpath; If applicable, HQL parser will be used.
2025-06-01T06:07:28.856+05:30  WARN 24280 --- [restartedMain] JpaBaseConfiguration$JpaWebConfiguration : spring.jpa.open-in-view is enabled by default. Therefore, database queries may be performed during view rendering. Explicitly configure spring.jpa.open-in-view to disable this warning
2025-06-01T06:07:29.244+05:30  INFO 24280 --- [restartedMain] o.s.b.d.a.OptionalLiveReloadServer       : LiveReload server is running on port 35729
2025-06-01T06:07:29.274+05:30  INFO 24280 --- [restartedMain] o.s.b.w.embedded.tomcat.TomcatWebServer  : Tomcat started on port 8080 (http) with context path '/'
2025-06-01T06:07:29.282+05:30  INFO 24280 --- [restartedMain] demo.DemoApplication                     : Started DemoApplication in 3.935 seconds (process running for 4.346)
2025-06-01T06:08:01.617+05:30  INFO 24280 --- [http-nio-8080-exec-1] o.a.c.c.C.[Tomcat].[localhost].[/]       : Initializing Spring DispatcherServlet 'dispatcherServlet'
2025-06-01T06:08:01.617+05:30  INFO 24280 --- [http-nio-8080-exec-1] o.s.web.servlet.DispatcherServlet        : Initializing Servlet 'dispatcherServlet'
2025-06-01T06:08:01.618+05:30  INFO 24280 --- [http-nio-8080-exec-1] o.s.web.servlet.DispatcherServlet        : Completed initialization in 1 ms
2025-06-01T06:08:01.685+05:30  INFO 24280 --- [http-nio-8080-exec-1] demo.aop.AspectConfig$$SpringCGLIB$$0    : Request =InQueryRequest(firstNames=[Abdul])
2025-06-01T06:08:01.790+05:30  INFO 24280 --- [http-nio-8080-exec-1] demo.controller.StudentController        : studentResponseList =[StudentResponse(id=44, firstName=Abdul, lastName=Hannan, email=abdulhannan@gmail.com, fullName=Abdul Hannan, street=CB Road, city=Raichur, learningSubjects=[]), StudentResponse(id=45, firstName=Abdul, lastName=Hannan, email=abdulhannan@gmail.com, fullName=Abdul Hannan, street=CB Road, city=Raichur, learningSubjects=[SubjectResponse(id=1, subjectName=Mathematics, marksObtained=null), SubjectResponse(id=2, subjectName=Chemistry, marksObtained=null)]), StudentResponse(id=46, firstName=Abdul, lastName=Mannan, email=abdul.mannan.rcr@gmail.com, fullName=Abdul Mannan, street=CB ROAD, city=Raichur, learningSubjects=[SubjectResponse(id=3, subjectName=English, marksObtained=70.0), SubjectResponse(id=4, subjectName=Geography, marksObtained=80.0)])]
2025-06-01T06:08:01.790+05:30  INFO 24280 --- [http-nio-8080-exec-1] demo.aop.AspectConfig$$SpringCGLIB$$0    : Response =[StudentResponse(id=44, firstName=Abdul, lastName=Hannan, email=abdulhannan@gmail.com, fullName=Abdul Hannan, street=CB Road, city=Raichur, learningSubjects=[]), StudentResponse(id=45, firstName=Abdul, lastName=Hannan, email=abdulhannan@gmail.com, fullName=Abdul Hannan, street=CB Road, city=Raichur, learningSubjects=[SubjectResponse(id=1, subjectName=Mathematics, marksObtained=null), SubjectResponse(id=2, subjectName=Chemistry, marksObtained=null)]), StudentResponse(id=46, firstName=Abdul, lastName=Mannan, email=abdul.mannan.rcr@gmail.com, fullName=Abdul Mannan, street=CB ROAD, city=Raichur, learningSubjects=[SubjectResponse(id=3, subjectName=English, marksObtained=70.0), SubjectResponse(id=4, subjectName=Geography, marksObtained=80.0)])]
2025-06-01T06:08:07.100+05:30  INFO 24280 --- [http-nio-8080-exec-3] demo.aop.AspectConfig$$SpringCGLIB$$0    : Request =InQueryRequest(firstNames=[Abdul])
2025-06-01T06:08:07.122+05:30  INFO 24280 --- [http-nio-8080-exec-3] demo.controller.StudentController        : studentResponseList =[StudentResponse(id=44, firstName=Abdul, lastName=Hannan, email=abdulhannan@gmail.com, fullName=Abdul Hannan, street=CB Road, city=Raichur, learningSubjects=[]), StudentResponse(id=45, firstName=Abdul, lastName=Hannan, email=abdulhannan@gmail.com, fullName=Abdul Hannan, street=CB Road, city=Raichur, learningSubjects=[SubjectResponse(id=1, subjectName=Mathematics, marksObtained=null), SubjectResponse(id=2, subjectName=Chemistry, marksObtained=null)]), StudentResponse(id=46, firstName=Abdul, lastName=Mannan, email=abdul.mannan.rcr@gmail.com, fullName=Abdul Mannan, street=CB ROAD, city=Raichur, learningSubjects=[SubjectResponse(id=3, subjectName=English, marksObtained=70.0), SubjectResponse(id=4, subjectName=Geography, marksObtained=80.0)])]
2025-06-01T06:08:07.123+05:30  INFO 24280 --- [http-nio-8080-exec-3] demo.aop.AspectConfig$$SpringCGLIB$$0    : Response =[StudentResponse(id=44, firstName=Abdul, lastName=Hannan, email=abdulhannan@gmail.com, fullName=Abdul Hannan, street=CB Road, city=Raichur, learningSubjects=[]), StudentResponse(id=45, firstName=Abdul, lastName=Hannan, email=abdulhannan@gmail.com, fullName=Abdul Hannan, street=CB Road, city=Raichur, learningSubjects=[SubjectResponse(id=1, subjectName=Mathematics, marksObtained=null), SubjectResponse(id=2, subjectName=Chemistry, marksObtained=null)]), StudentResponse(id=46, firstName=Abdul, lastName=Mannan, email=abdul.mannan.rcr@gmail.com, fullName=Abdul Mannan, street=CB ROAD, city=Raichur, learningSubjects=[SubjectResponse(id=3, subjectName=English, marksObtained=70.0), SubjectResponse(id=4, subjectName=Geography, marksObtained=80.0)])]
2025-06-01T06:08:08.106+05:30  INFO 24280 --- [http-nio-8080-exec-8] demo.aop.AspectConfig$$SpringCGLIB$$0    : Request =InQueryRequest(firstNames=[Abdul])
2025-06-01T06:08:08.122+05:30  INFO 24280 --- [http-nio-8080-exec-8] demo.controller.StudentController        : studentResponseList =[StudentResponse(id=44, firstName=Abdul, lastName=Hannan, email=abdulhannan@gmail.com, fullName=Abdul Hannan, street=CB Road, city=Raichur, learningSubjects=[]), StudentResponse(id=45, firstName=Abdul, lastName=Hannan, email=abdulhannan@gmail.com, fullName=Abdul Hannan, street=CB Road, city=Raichur, learningSubjects=[SubjectResponse(id=1, subjectName=Mathematics, marksObtained=null), SubjectResponse(id=2, subjectName=Chemistry, marksObtained=null)]), StudentResponse(id=46, firstName=Abdul, lastName=Mannan, email=abdul.mannan.rcr@gmail.com, fullName=Abdul Mannan, street=CB ROAD, city=Raichur, learningSubjects=[SubjectResponse(id=3, subjectName=English, marksObtained=70.0), SubjectResponse(id=4, subjectName=Geography, marksObtained=80.0)])]
2025-06-01T06:08:08.122+05:30  INFO 24280 --- [http-nio-8080-exec-8] demo.aop.AspectConfig$$SpringCGLIB$$0    : Response =[StudentResponse(id=44, firstName=Abdul, lastName=Hannan, email=abdulhannan@gmail.com, fullName=Abdul Hannan, street=CB Road, city=Raichur, learningSubjects=[]), StudentResponse(id=45, firstName=Abdul, lastName=Hannan, email=abdulhannan@gmail.com, fullName=Abdul Hannan, street=CB Road, city=Raichur, learningSubjects=[SubjectResponse(id=1, subjectName=Mathematics, marksObtained=null), SubjectResponse(id=2, subjectName=Chemistry, marksObtained=null)]), StudentResponse(id=46, firstName=Abdul, lastName=Mannan, email=abdul.mannan.rcr@gmail.com, fullName=Abdul Mannan, street=CB ROAD, city=Raichur, learningSubjects=[SubjectResponse(id=3, subjectName=English, marksObtained=70.0), SubjectResponse(id=4, subjectName=Geography, marksObtained=80.0)])]
2025-06-01T06:08:08.920+05:30  INFO 24280 --- [http-nio-8080-exec-7] demo.aop.AspectConfig$$SpringCGLIB$$0    : Request =InQueryRequest(firstNames=[Abdul])
2025-06-01T06:08:08.942+05:30  INFO 24280 --- [http-nio-8080-exec-7] demo.controller.StudentController        : studentResponseList =[StudentResponse(id=44, firstName=Abdul, lastName=Hannan, email=abdulhannan@gmail.com, fullName=Abdul Hannan, street=CB Road, city=Raichur, learningSubjects=[]), StudentResponse(id=45, firstName=Abdul, lastName=Hannan, email=abdulhannan@gmail.com, fullName=Abdul Hannan, street=CB Road, city=Raichur, learningSubjects=[SubjectResponse(id=1, subjectName=Mathematics, marksObtained=null), SubjectResponse(id=2, subjectName=Chemistry, marksObtained=null)]), StudentResponse(id=46, firstName=Abdul, lastName=Mannan, email=abdul.mannan.rcr@gmail.com, fullName=Abdul Mannan, street=CB ROAD, city=Raichur, learningSubjects=[SubjectResponse(id=3, subjectName=English, marksObtained=70.0), SubjectResponse(id=4, subjectName=Geography, marksObtained=80.0)])]
2025-06-01T06:08:08.942+05:30  INFO 24280 --- [http-nio-8080-exec-7] demo.aop.AspectConfig$$SpringCGLIB$$0    : Response =[StudentResponse(id=44, firstName=Abdul, lastName=Hannan, email=abdulhannan@gmail.com, fullName=Abdul Hannan, street=CB Road, city=Raichur, learningSubjects=[]), StudentResponse(id=45, firstName=Abdul, lastName=Hannan, email=abdulhannan@gmail.com, fullName=Abdul Hannan, street=CB Road, city=Raichur, learningSubjects=[SubjectResponse(id=1, subjectName=Mathematics, marksObtained=null), SubjectResponse(id=2, subjectName=Chemistry, marksObtained=null)]), StudentResponse(id=46, firstName=Abdul, lastName=Mannan, email=abdul.mannan.rcr@gmail.com, fullName=Abdul Mannan, street=CB ROAD, city=Raichur, learningSubjects=[SubjectResponse(id=3, subjectName=English, marksObtained=70.0), SubjectResponse(id=4, subjectName=Geography, marksObtained=80.0)])]
2025-06-01T06:08:13.000+05:30 ERROR 24280 --- [http-nio-8080-exec-2] demo.controller.StudentController        : Inside Error
2025-06-01T06:08:13.000+05:30  WARN 24280 --- [http-nio-8080-exec-2] demo.controller.StudentController        : Inside Warning
2025-06-01T06:08:13.000+05:30  INFO 24280 --- [http-nio-8080-exec-2] demo.controller.StudentController        : Inside Info
2025-06-01T06:08:13.000+05:30 DEBUG 24280 --- [http-nio-8080-exec-2] demo.controller.StudentController        : Inside debug
2025-06-01T06:08:13.000+05:30 TRACE 24280 --- [http-nio-8080-exec-2] demo.controller.StudentController        : Inside trace
2025-06-01T06:08:26.871+05:30  INFO 24280 --- [http-nio-8080-exec-9] demo.aop.AspectConfig$$SpringCGLIB$$0    : Request =InQueryRequest(firstNames=[Abdul])
2025-06-01T06:08:26.912+05:30  INFO 24280 --- [http-nio-8080-exec-9] demo.controller.StudentController        : studentResponseList =[StudentResponse(id=44, firstName=Abdul, lastName=Hannan, email=abdulhannan@gmail.com, fullName=Abdul Hannan, street=CB Road, city=Raichur, learningSubjects=[]), StudentResponse(id=45, firstName=Abdul, lastName=Hannan, email=abdulhannan@gmail.com, fullName=Abdul Hannan, street=CB Road, city=Raichur, learningSubjects=[SubjectResponse(id=1, subjectName=Mathematics, marksObtained=null), SubjectResponse(id=2, subjectName=Chemistry, marksObtained=null)]), StudentResponse(id=46, firstName=Abdul, lastName=Mannan, email=abdul.mannan.rcr@gmail.com, fullName=Abdul Mannan, street=CB ROAD, city=Raichur, learningSubjects=[SubjectResponse(id=3, subjectName=English, marksObtained=70.0), SubjectResponse(id=4, subjectName=Geography, marksObtained=80.0)])]
2025-06-01T06:08:26.913+05:30  INFO 24280 --- [http-nio-8080-exec-9] demo.aop.AspectConfig$$SpringCGLIB$$0    : Response =[StudentResponse(id=44, firstName=Abdul, lastName=Hannan, email=abdulhannan@gmail.com, fullName=Abdul Hannan, street=CB Road, city=Raichur, learningSubjects=[]), StudentResponse(id=45, firstName=Abdul, lastName=Hannan, email=abdulhannan@gmail.com, fullName=Abdul Hannan, street=CB Road, city=Raichur, learningSubjects=[SubjectResponse(id=1, subjectName=Mathematics, marksObtained=null), SubjectResponse(id=2, subjectName=Chemistry, marksObtained=null)]), StudentResponse(id=46, firstName=Abdul, lastName=Mannan, email=abdul.mannan.rcr@gmail.com, fullName=Abdul Mannan, street=CB ROAD, city=Raichur, learningSubjects=[SubjectResponse(id=3, subjectName=English, marksObtained=70.0), SubjectResponse(id=4, subjectName=Geography, marksObtained=80.0)])]
2025-06-01T06:08:27.735+05:30  INFO 24280 --- [http-nio-8080-exec-6] demo.aop.AspectConfig$$SpringCGLIB$$0    : Request =InQueryRequest(firstNames=[Abdul])
2025-06-01T06:08:27.751+05:30  INFO 24280 --- [http-nio-8080-exec-6] demo.controller.StudentController        : studentResponseList =[StudentResponse(id=44, firstName=Abdul, lastName=Hannan, email=abdulhannan@gmail.com, fullName=Abdul Hannan, street=CB Road, city=Raichur, learningSubjects=[]), StudentResponse(id=45, firstName=Abdul, lastName=Hannan, email=abdulhannan@gmail.com, fullName=Abdul Hannan, street=CB Road, city=Raichur, learningSubjects=[SubjectResponse(id=1, subjectName=Mathematics, marksObtained=null), SubjectResponse(id=2, subjectName=Chemistry, marksObtained=null)]), StudentResponse(id=46, firstName=Abdul, lastName=Mannan, email=abdul.mannan.rcr@gmail.com, fullName=Abdul Mannan, street=CB ROAD, city=Raichur, learningSubjects=[SubjectResponse(id=3, subjectName=English, marksObtained=70.0), SubjectResponse(id=4, subjectName=Geography, marksObtained=80.0)])]
2025-06-01T06:08:27.755+05:30  INFO 24280 --- [http-nio-8080-exec-6] demo.aop.AspectConfig$$SpringCGLIB$$0    : Response =[StudentResponse(id=44, firstName=Abdul, lastName=Hannan, email=abdulhannan@gmail.com, fullName=Abdul Hannan, street=CB Road, city=Raichur, learningSubjects=[]), StudentResponse(id=45, firstName=Abdul, lastName=Hannan, email=abdulhannan@gmail.com, fullName=Abdul Hannan, street=CB Road, city=Raichur, learningSubjects=[SubjectResponse(id=1, subjectName=Mathematics, marksObtained=null), SubjectResponse(id=2, subjectName=Chemistry, marksObtained=null)]), StudentResponse(id=46, firstName=Abdul, lastName=Mannan, email=abdul.mannan.rcr@gmail.com, fullName=Abdul Mannan, street=CB ROAD, city=Raichur, learningSubjects=[SubjectResponse(id=3, subjectName=English, marksObtained=70.0), SubjectResponse(id=4, subjectName=Geography, marksObtained=80.0)])]
2025-06-01T06:09:34.001+05:30  INFO 24280 --- [http-nio-8080-exec-4] demo.aop.AspectConfig$$SpringCGLIB$$0    : Request =InQueryRequest(firstNames=[Abdul])
2025-06-01T06:09:34.017+05:30  INFO 24280 --- [http-nio-8080-exec-4] demo.controller.StudentController        : studentResponseList =[StudentResponse(id=44, firstName=Abdul, lastName=Hannan, email=abdulhannan@gmail.com, fullName=Abdul Hannan, street=CB Road, city=Raichur, learningSubjects=[]), StudentResponse(id=45, firstName=Abdul, lastName=Hannan, email=abdulhannan@gmail.com, fullName=Abdul Hannan, street=CB Road, city=Raichur, learningSubjects=[SubjectResponse(id=1, subjectName=Mathematics, marksObtained=null), SubjectResponse(id=2, subjectName=Chemistry, marksObtained=null)]), StudentResponse(id=46, firstName=Abdul, lastName=Mannan, email=abdul.mannan.rcr@gmail.com, fullName=Abdul Mannan, street=CB ROAD, city=Raichur, learningSubjects=[SubjectResponse(id=3, subjectName=English, marksObtained=70.0), SubjectResponse(id=4, subjectName=Geography, marksObtained=80.0)])]
2025-06-01T06:09:34.017+05:30  INFO 24280 --- [http-nio-8080-exec-4] demo.aop.AspectConfig$$SpringCGLIB$$0    : Response =[StudentResponse(id=44, firstName=Abdul, lastName=Hannan, email=abdulhannan@gmail.com, fullName=Abdul Hannan, street=CB Road, city=Raichur, learningSubjects=[]), StudentResponse(id=45, firstName=Abdul, lastName=Hannan, email=abdulhannan@gmail.com, fullName=Abdul Hannan, street=CB Road, city=Raichur, learningSubjects=[SubjectResponse(id=1, subjectName=Mathematics, marksObtained=null), SubjectResponse(id=2, subjectName=Chemistry, marksObtained=null)]), StudentResponse(id=46, firstName=Abdul, lastName=Mannan, email=abdul.mannan.rcr@gmail.com, fullName=Abdul Mannan, street=CB ROAD, city=Raichur, learningSubjects=[SubjectResponse(id=3, subjectName=English, marksObtained=70.0), SubjectResponse(id=4, subjectName=Geography, marksObtained=80.0)])]
2025-06-01T06:09:35.450+05:30  INFO 24280 --- [http-nio-8080-exec-1] demo.aop.AspectConfig$$SpringCGLIB$$0    : Request =InQueryRequest(firstNames=[Abdul])
2025-06-01T06:09:35.462+05:30  INFO 24280 --- [http-nio-8080-exec-1] demo.controller.StudentController        : studentResponseList =[StudentResponse(id=44, firstName=Abdul, lastName=Hannan, email=abdulhannan@gmail.com, fullName=Abdul Hannan, street=CB Road, city=Raichur, learningSubjects=[]), StudentResponse(id=45, firstName=Abdul, lastName=Hannan, email=abdulhannan@gmail.com, fullName=Abdul Hannan, street=CB Road, city=Raichur, learningSubjects=[SubjectResponse(id=1, subjectName=Mathematics, marksObtained=null), SubjectResponse(id=2, subjectName=Chemistry, marksObtained=null)]), StudentResponse(id=46, firstName=Abdul, lastName=Mannan, email=abdul.mannan.rcr@gmail.com, fullName=Abdul Mannan, street=CB ROAD, city=Raichur, learningSubjects=[SubjectResponse(id=3, subjectName=English, marksObtained=70.0), SubjectResponse(id=4, subjectName=Geography, marksObtained=80.0)])]
2025-06-01T06:09:35.462+05:30  INFO 24280 --- [http-nio-8080-exec-1] demo.aop.AspectConfig$$SpringCGLIB$$0    : Response =[StudentResponse(id=44, firstName=Abdul, lastName=Hannan, email=abdulhannan@gmail.com, fullName=Abdul Hannan, street=CB Road, city=Raichur, learningSubjects=[]), StudentResponse(id=45, firstName=Abdul, lastName=Hannan, email=abdulhannan@gmail.com, fullName=Abdul Hannan, street=CB Road, city=Raichur, learningSubjects=[SubjectResponse(id=1, subjectName=Mathematics, marksObtained=null), SubjectResponse(id=2, subjectName=Chemistry, marksObtained=null)]), StudentResponse(id=46, firstName=Abdul, lastName=Mannan, email=abdul.mannan.rcr@gmail.com, fullName=Abdul Mannan, street=CB ROAD, city=Raichur, learningSubjects=[SubjectResponse(id=3, subjectName=English, marksObtained=70.0), SubjectResponse(id=4, subjectName=Geography, marksObtained=80.0)])]
2025-06-01T06:11:06.340+05:30  INFO 24280 --- [File Watcher] rtingClassPathChangeChangedEventListener : Restarting due to 1 class path change (0 additions, 0 deletions, 1 modification)
2025-06-01T06:11:06.344+05:30  INFO 24280 --- [Thread-5] o.s.b.w.e.tomcat.GracefulShutdown        : Commencing graceful shutdown. Waiting for active requests to complete
2025-06-01T06:11:06.349+05:30  INFO 24280 --- [tomcat-shutdown] o.s.b.w.e.tomcat.GracefulShutdown        : Graceful shutdown complete
2025-06-01T06:11:06.352+05:30  INFO 24280 --- [Thread-5] j.LocalContainerEntityManagerFactoryBean : Closing JPA EntityManagerFactory for persistence unit 'default'
2025-06-01T06:11:06.355+05:30  INFO 24280 --- [Thread-5] com.zaxxer.hikari.HikariDataSource       : HikariPool-1 - Shutdown initiated...
2025-06-01T06:11:06.359+05:30  INFO 24280 --- [Thread-5] com.zaxxer.hikari.HikariDataSource       : HikariPool-1 - Shutdown completed.
2025-06-01T06:11:06.413+05:30  INFO 24280 --- [restartedMain] demo.DemoApplication                     : Starting DemoApplication using Java 21.0.7 with PID 24280 (C:\Users\abdul\OneDrive\Desktop\Projects\Eclipse\demo\target\classes started by abdul in C:\Users\abdul\OneDrive\Desktop\Projects\Eclipse\demo)
2025-06-01T06:11:06.413+05:30  INFO 24280 --- [restartedMain] demo.DemoApplication                     : No active profile set, falling back to 1 default profile: "default"
2025-06-01T06:11:06.532+05:30  INFO 24280 --- [restartedMain] .s.d.r.c.RepositoryConfigurationDelegate : Bootstrapping Spring Data JPA repositories in DEFAULT mode.
2025-06-01T06:11:06.542+05:30  INFO 24280 --- [restartedMain] .s.d.r.c.RepositoryConfigurationDelegate : Finished Spring Data repository scanning in 9 ms. Found 3 JPA repository interfaces.
2025-06-01T06:11:06.594+05:30  INFO 24280 --- [restartedMain] o.s.b.w.embedded.tomcat.TomcatWebServer  : Tomcat initialized with port 8080 (http)
2025-06-01T06:11:06.594+05:30  INFO 24280 --- [restartedMain] o.apache.catalina.core.StandardService   : Starting service [Tomcat]
2025-06-01T06:11:06.594+05:30  INFO 24280 --- [restartedMain] o.apache.catalina.core.StandardEngine    : Starting Servlet engine: [Apache Tomcat/10.1.40]
2025-06-01T06:11:06.608+05:30  INFO 24280 --- [restartedMain] o.a.c.c.C.[Tomcat].[localhost].[/]       : Initializing Spring embedded WebApplicationContext
2025-06-01T06:11:06.608+05:30  INFO 24280 --- [restartedMain] w.s.c.ServletWebServerApplicationContext : Root WebApplicationContext: initialization completed in 194 ms
2025-06-01T06:11:06.627+05:30  INFO 24280 --- [restartedMain] com.zaxxer.hikari.HikariDataSource       : HikariPool-2 - Starting...
2025-06-01T06:11:06.636+05:30  INFO 24280 --- [restartedMain] com.zaxxer.hikari.pool.HikariPool        : HikariPool-2 - Added connection com.mysql.cj.jdbc.ConnectionImpl@34e62f7f
2025-06-01T06:11:06.637+05:30  INFO 24280 --- [restartedMain] com.zaxxer.hikari.HikariDataSource       : HikariPool-2 - Start completed.
2025-06-01T06:11:06.637+05:30  INFO 24280 --- [restartedMain] o.hibernate.jpa.internal.util.LogHelper  : HHH000204: Processing PersistenceUnitInfo [name: default]
2025-06-01T06:11:06.638+05:30  INFO 24280 --- [restartedMain] o.h.c.internal.RegionFactoryInitiator    : HHH000026: Second-level cache disabled
2025-06-01T06:11:06.644+05:30  INFO 24280 --- [restartedMain] o.s.o.j.p.SpringPersistenceUnitInfo      : No LoadTimeWeaver setup: ignoring JPA class transformer
2025-06-01T06:11:06.645+05:30  WARN 24280 --- [restartedMain] org.hibernate.orm.deprecation            : HHH90000025: MySQL8Dialect does not need to be specified explicitly using 'hibernate.dialect' (remove the property setting and it will be selected by default)
2025-06-01T06:11:06.645+05:30  WARN 24280 --- [restartedMain] org.hibernate.orm.deprecation            : HHH90000026: MySQL8Dialect has been deprecated; use org.hibernate.dialect.MySQLDialect instead
2025-06-01T06:11:06.645+05:30  INFO 24280 --- [restartedMain] org.hibernate.orm.connections.pooling    : HHH10001005: Database info:
	Database JDBC URL [Connecting through datasource 'HikariDataSource (HikariPool-2)']
	Database driver: undefined/unknown
	Database version: 8.0
	Autocommit mode: undefined/unknown
	Isolation level: undefined/unknown
	Minimum pool size: undefined/unknown
	Maximum pool size: undefined/unknown
2025-06-01T06:11:06.688+05:30  INFO 24280 --- [restartedMain] o.h.e.t.j.p.i.JtaPlatformInitiator       : HHH000489: No JTA platform available (set 'hibernate.transaction.jta.platform' to enable JTA platform integration)
2025-06-01T06:11:06.688+05:30  INFO 24280 --- [restartedMain] j.LocalContainerEntityManagerFactoryBean : Initialized JPA EntityManagerFactory for persistence unit 'default'
2025-06-01T06:11:06.751+05:30  WARN 24280 --- [restartedMain] JpaBaseConfiguration$JpaWebConfiguration : spring.jpa.open-in-view is enabled by default. Therefore, database queries may be performed during view rendering. Explicitly configure spring.jpa.open-in-view to disable this warning
2025-06-01T06:11:06.817+05:30  INFO 24280 --- [restartedMain] o.s.b.d.a.OptionalLiveReloadServer       : LiveReload server is running on port 35729
2025-06-01T06:11:06.824+05:30  INFO 24280 --- [restartedMain] o.s.b.w.embedded.tomcat.TomcatWebServer  : Tomcat started on port 8080 (http) with context path '/'
2025-06-01T06:11:06.826+05:30  INFO 24280 --- [restartedMain] demo.DemoApplication                     : Started DemoApplication in 0.43 seconds (process running for 221.89)
2025-06-01T06:11:06.827+05:30  INFO 24280 --- [restartedMain] .ConditionEvaluationDeltaLoggingListener : Condition evaluation unchanged
2025-06-01T06:11:13.185+05:30  INFO 24280 --- [http-nio-8080-exec-4] o.a.c.c.C.[Tomcat].[localhost].[/]       : Initializing Spring DispatcherServlet 'dispatcherServlet'
2025-06-01T06:11:13.185+05:30  INFO 24280 --- [http-nio-8080-exec-4] o.s.web.servlet.DispatcherServlet        : Initializing Servlet 'dispatcherServlet'
2025-06-01T06:11:13.186+05:30  INFO 24280 --- [http-nio-8080-exec-4] o.s.web.servlet.DispatcherServlet        : Completed initialization in 1 ms
2025-06-01T06:11:13.199+05:30  INFO 24280 --- [http-nio-8080-exec-4] demo.controller.StudentController        : studentResponseList =[StudentResponse(id=44, firstName=Abdul, lastName=Hannan, email=abdulhannan@gmail.com, fullName=Abdul Hannan, street=CB Road, city=Raichur, learningSubjects=[]), StudentResponse(id=45, firstName=Abdul, lastName=Hannan, email=abdulhannan@gmail.com, fullName=Abdul Hannan, street=CB Road, city=Raichur, learningSubjects=[SubjectResponse(id=1, subjectName=Mathematics, marksObtained=null), SubjectResponse(id=2, subjectName=Chemistry, marksObtained=null)]), StudentResponse(id=46, firstName=Abdul, lastName=Mannan, email=abdul.mannan.rcr@gmail.com, fullName=Abdul Mannan, street=CB ROAD, city=Raichur, learningSubjects=[SubjectResponse(id=3, subjectName=English, marksObtained=70.0), SubjectResponse(id=4, subjectName=Geography, marksObtained=80.0)])]
2025-06-01T06:15:58.187+05:30  INFO 24280 --- [File Watcher] rtingClassPathChangeChangedEventListener : Restarting due to 1 class path change (0 additions, 0 deletions, 1 modification)
2025-06-01T06:15:58.191+05:30  INFO 24280 --- [Thread-7] o.s.b.w.e.tomcat.GracefulShutdown        : Commencing graceful shutdown. Waiting for active requests to complete
2025-06-01T06:15:58.195+05:30  INFO 24280 --- [tomcat-shutdown] o.s.b.w.e.tomcat.GracefulShutdown        : Graceful shutdown complete
2025-06-01T06:15:58.197+05:30  INFO 24280 --- [Thread-7] j.LocalContainerEntityManagerFactoryBean : Closing JPA EntityManagerFactory for persistence unit 'default'
2025-06-01T06:15:58.198+05:30  INFO 24280 --- [Thread-7] com.zaxxer.hikari.HikariDataSource       : HikariPool-2 - Shutdown initiated...
2025-06-01T06:15:58.201+05:30  INFO 24280 --- [Thread-7] com.zaxxer.hikari.HikariDataSource       : HikariPool-2 - Shutdown completed.
2025-06-01T06:15:58.271+05:30  INFO 24280 --- [restartedMain] demo.DemoApplication                     : Starting DemoApplication using Java 21.0.7 with PID 24280 (C:\Users\abdul\OneDrive\Desktop\Projects\Eclipse\demo\target\classes started by abdul in C:\Users\abdul\OneDrive\Desktop\Projects\Eclipse\demo)
2025-06-01T06:15:58.271+05:30  INFO 24280 --- [restartedMain] demo.DemoApplication                     : No active profile set, falling back to 1 default profile: "default"
2025-06-01T06:15:58.374+05:30  INFO 24280 --- [restartedMain] .s.d.r.c.RepositoryConfigurationDelegate : Bootstrapping Spring Data JPA repositories in DEFAULT mode.
2025-06-01T06:15:58.383+05:30  INFO 24280 --- [restartedMain] .s.d.r.c.RepositoryConfigurationDelegate : Finished Spring Data repository scanning in 8 ms. Found 3 JPA repository interfaces.
2025-06-01T06:15:58.426+05:30  INFO 24280 --- [restartedMain] o.s.b.w.embedded.tomcat.TomcatWebServer  : Tomcat initialized with port 8080 (http)
2025-06-01T06:15:58.427+05:30  INFO 24280 --- [restartedMain] o.apache.catalina.core.StandardService   : Starting service [Tomcat]
2025-06-01T06:15:58.427+05:30  INFO 24280 --- [restartedMain] o.apache.catalina.core.StandardEngine    : Starting Servlet engine: [Apache Tomcat/10.1.40]
2025-06-01T06:15:58.441+05:30  INFO 24280 --- [restartedMain] o.a.c.c.C.[Tomcat].[localhost].[/]       : Initializing Spring embedded WebApplicationContext
2025-06-01T06:15:58.441+05:30  INFO 24280 --- [restartedMain] w.s.c.ServletWebServerApplicationContext : Root WebApplicationContext: initialization completed in 169 ms
2025-06-01T06:15:58.457+05:30  INFO 24280 --- [restartedMain] com.zaxxer.hikari.HikariDataSource       : HikariPool-3 - Starting...
2025-06-01T06:15:58.467+05:30  INFO 24280 --- [restartedMain] com.zaxxer.hikari.pool.HikariPool        : HikariPool-3 - Added connection com.mysql.cj.jdbc.ConnectionImpl@38a6103a
2025-06-01T06:15:58.467+05:30  INFO 24280 --- [restartedMain] com.zaxxer.hikari.HikariDataSource       : HikariPool-3 - Start completed.
2025-06-01T06:15:58.468+05:30  INFO 24280 --- [restartedMain] o.hibernate.jpa.internal.util.LogHelper  : HHH000204: Processing PersistenceUnitInfo [name: default]
2025-06-01T06:15:58.469+05:30  INFO 24280 --- [restartedMain] o.h.c.internal.RegionFactoryInitiator    : HHH000026: Second-level cache disabled
2025-06-01T06:15:58.474+05:30  INFO 24280 --- [restartedMain] o.s.o.j.p.SpringPersistenceUnitInfo      : No LoadTimeWeaver setup: ignoring JPA class transformer
2025-06-01T06:15:58.475+05:30  WARN 24280 --- [restartedMain] org.hibernate.orm.deprecation            : HHH90000025: MySQL8Dialect does not need to be specified explicitly using 'hibernate.dialect' (remove the property setting and it will be selected by default)
2025-06-01T06:15:58.475+05:30  WARN 24280 --- [restartedMain] org.hibernate.orm.deprecation            : HHH90000026: MySQL8Dialect has been deprecated; use org.hibernate.dialect.MySQLDialect instead
2025-06-01T06:15:58.475+05:30  INFO 24280 --- [restartedMain] org.hibernate.orm.connections.pooling    : HHH10001005: Database info:
	Database JDBC URL [Connecting through datasource 'HikariDataSource (HikariPool-3)']
	Database driver: undefined/unknown
	Database version: 8.0
	Autocommit mode: undefined/unknown
	Isolation level: undefined/unknown
	Minimum pool size: undefined/unknown
	Maximum pool size: undefined/unknown
2025-06-01T06:15:58.515+05:30  INFO 24280 --- [restartedMain] o.h.e.t.j.p.i.JtaPlatformInitiator       : HHH000489: No JTA platform available (set 'hibernate.transaction.jta.platform' to enable JTA platform integration)
2025-06-01T06:15:58.515+05:30  INFO 24280 --- [restartedMain] j.LocalContainerEntityManagerFactoryBean : Initialized JPA EntityManagerFactory for persistence unit 'default'
2025-06-01T06:15:58.574+05:30  WARN 24280 --- [restartedMain] JpaBaseConfiguration$JpaWebConfiguration : spring.jpa.open-in-view is enabled by default. Therefore, database queries may be performed during view rendering. Explicitly configure spring.jpa.open-in-view to disable this warning
2025-06-01T06:15:58.641+05:30  INFO 24280 --- [restartedMain] o.s.b.d.a.OptionalLiveReloadServer       : LiveReload server is running on port 35729
2025-06-01T06:15:58.648+05:30  INFO 24280 --- [restartedMain] o.s.b.w.embedded.tomcat.TomcatWebServer  : Tomcat started on port 8080 (http) with context path '/'
2025-06-01T06:15:58.650+05:30  INFO 24280 --- [restartedMain] demo.DemoApplication                     : Started DemoApplication in 0.396 seconds (process running for 513.714)
2025-06-01T06:15:58.651+05:30  INFO 24280 --- [restartedMain] .ConditionEvaluationDeltaLoggingListener : Condition evaluation unchanged
2025-06-01T06:17:51.503+05:30  INFO 24280 --- [File Watcher] rtingClassPathChangeChangedEventListener : Restarting due to 1 class path change (0 additions, 0 deletions, 1 modification)
2025-06-01T06:17:51.506+05:30  INFO 24280 --- [Thread-11] o.s.b.w.e.tomcat.GracefulShutdown        : Commencing graceful shutdown. Waiting for active requests to complete
2025-06-01T06:17:51.511+05:30  INFO 24280 --- [tomcat-shutdown] o.s.b.w.e.tomcat.GracefulShutdown        : Graceful shutdown complete
2025-06-01T06:17:51.514+05:30  INFO 24280 --- [Thread-11] j.LocalContainerEntityManagerFactoryBean : Closing JPA EntityManagerFactory for persistence unit 'default'
2025-06-01T06:17:51.514+05:30  INFO 24280 --- [Thread-11] com.zaxxer.hikari.HikariDataSource       : HikariPool-3 - Shutdown initiated...
2025-06-01T06:17:51.518+05:30  INFO 24280 --- [Thread-11] com.zaxxer.hikari.HikariDataSource       : HikariPool-3 - Shutdown completed.
2025-06-01T06:17:51.572+05:30  INFO 24280 --- [restartedMain] demo.DemoApplication                     : Starting DemoApplication using Java 21.0.7 with PID 24280 (C:\Users\abdul\OneDrive\Desktop\Projects\Eclipse\demo\target\classes started by abdul in C:\Users\abdul\OneDrive\Desktop\Projects\Eclipse\demo)
2025-06-01T06:17:51.572+05:30  INFO 24280 --- [restartedMain] demo.DemoApplication                     : No active profile set, falling back to 1 default profile: "default"
2025-06-01T06:17:51.679+05:30  INFO 24280 --- [restartedMain] .s.d.r.c.RepositoryConfigurationDelegate : Bootstrapping Spring Data JPA repositories in DEFAULT mode.
2025-06-01T06:17:51.688+05:30  INFO 24280 --- [restartedMain] .s.d.r.c.RepositoryConfigurationDelegate : Finished Spring Data repository scanning in 7 ms. Found 3 JPA repository interfaces.
2025-06-01T06:17:51.732+05:30  INFO 24280 --- [restartedMain] o.s.b.w.embedded.tomcat.TomcatWebServer  : Tomcat initialized with port 8080 (http)
2025-06-01T06:17:51.733+05:30  INFO 24280 --- [restartedMain] o.apache.catalina.core.StandardService   : Starting service [Tomcat]
2025-06-01T06:17:51.733+05:30  INFO 24280 --- [restartedMain] o.apache.catalina.core.StandardEngine    : Starting Servlet engine: [Apache Tomcat/10.1.40]
2025-06-01T06:17:51.746+05:30  INFO 24280 --- [restartedMain] o.a.c.c.C.[Tomcat].[localhost].[/]       : Initializing Spring embedded WebApplicationContext
2025-06-01T06:17:51.746+05:30  INFO 24280 --- [restartedMain] w.s.c.ServletWebServerApplicationContext : Root WebApplicationContext: initialization completed in 173 ms
2025-06-01T06:17:51.763+05:30  INFO 24280 --- [restartedMain] com.zaxxer.hikari.HikariDataSource       : HikariPool-4 - Starting...
2025-06-01T06:17:51.770+05:30  INFO 24280 --- [restartedMain] com.zaxxer.hikari.pool.HikariPool        : HikariPool-4 - Added connection com.mysql.cj.jdbc.ConnectionImpl@3f95d6b1
2025-06-01T06:17:51.770+05:30  INFO 24280 --- [restartedMain] com.zaxxer.hikari.HikariDataSource       : HikariPool-4 - Start completed.
2025-06-01T06:17:51.771+05:30  INFO 24280 --- [restartedMain] o.hibernate.jpa.internal.util.LogHelper  : HHH000204: Processing PersistenceUnitInfo [name: default]
2025-06-01T06:17:51.772+05:30  INFO 24280 --- [restartedMain] o.h.c.internal.RegionFactoryInitiator    : HHH000026: Second-level cache disabled
2025-06-01T06:17:51.776+05:30  INFO 24280 --- [restartedMain] o.s.o.j.p.SpringPersistenceUnitInfo      : No LoadTimeWeaver setup: ignoring JPA class transformer
2025-06-01T06:17:51.777+05:30  WARN 24280 --- [restartedMain] org.hibernate.orm.deprecation            : HHH90000025: MySQL8Dialect does not need to be specified explicitly using 'hibernate.dialect' (remove the property setting and it will be selected by default)
2025-06-01T06:17:51.777+05:30  WARN 24280 --- [restartedMain] org.hibernate.orm.deprecation            : HHH90000026: MySQL8Dialect has been deprecated; use org.hibernate.dialect.MySQLDialect instead
2025-06-01T06:17:51.777+05:30  INFO 24280 --- [restartedMain] org.hibernate.orm.connections.pooling    : HHH10001005: Database info:
	Database JDBC URL [Connecting through datasource 'HikariDataSource (HikariPool-4)']
	Database driver: undefined/unknown
	Database version: 8.0
	Autocommit mode: undefined/unknown
	Isolation level: undefined/unknown
	Minimum pool size: undefined/unknown
	Maximum pool size: undefined/unknown
2025-06-01T06:17:51.815+05:30  INFO 24280 --- [restartedMain] o.h.e.t.j.p.i.JtaPlatformInitiator       : HHH000489: No JTA platform available (set 'hibernate.transaction.jta.platform' to enable JTA platform integration)
2025-06-01T06:17:51.815+05:30  INFO 24280 --- [restartedMain] j.LocalContainerEntityManagerFactoryBean : Initialized JPA EntityManagerFactory for persistence unit 'default'
2025-06-01T06:17:51.878+05:30  WARN 24280 --- [restartedMain] JpaBaseConfiguration$JpaWebConfiguration : spring.jpa.open-in-view is enabled by default. Therefore, database queries may be performed during view rendering. Explicitly configure spring.jpa.open-in-view to disable this warning
2025-06-01T06:17:51.934+05:30  INFO 24280 --- [restartedMain] o.s.b.d.a.OptionalLiveReloadServer       : LiveReload server is running on port 35729
2025-06-01T06:17:51.941+05:30  INFO 24280 --- [restartedMain] o.s.b.w.embedded.tomcat.TomcatWebServer  : Tomcat started on port 8080 (http) with context path '/'
2025-06-01T06:17:51.944+05:30  INFO 24280 --- [restartedMain] demo.DemoApplication                     : Started DemoApplication in 0.384 seconds (process running for 627.007)
2025-06-01T06:17:51.944+05:30  INFO 24280 --- [restartedMain] .ConditionEvaluationDeltaLoggingListener : Condition evaluation unchanged
2025-06-01T06:20:12.747+05:30  INFO 24280 --- [http-nio-8080-exec-1] o.a.c.c.C.[Tomcat].[localhost].[/]       : Initializing Spring DispatcherServlet 'dispatcherServlet'
2025-06-01T06:20:12.747+05:30  INFO 24280 --- [http-nio-8080-exec-1] o.s.web.servlet.DispatcherServlet        : Initializing Servlet 'dispatcherServlet'
2025-06-01T06:20:12.749+05:30  INFO 24280 --- [http-nio-8080-exec-1] o.s.web.servlet.DispatcherServlet        : Completed initialization in 2 ms
2025-06-01T06:20:13.620+05:30  INFO 24280 --- [http-nio-8080-exec-9] o.springdoc.api.AbstractOpenApiResource  : Init duration for springdoc-openapi is: 606 ms
2025-06-01T06:48:34.642+05:30  WARN 24280 --- [HikariPool-4 housekeeper] com.zaxxer.hikari.pool.HikariPool        : HikariPool-4 - Thread starvation or clock leap detected (housekeeper delta=20m42s589ms940µs700ns).
2025-06-01T07:50:38.099+05:30  WARN 24280 --- [HikariPool-4 housekeeper] com.zaxxer.hikari.pool.HikariPool        : HikariPool-4 - Thread starvation or clock leap detected (housekeeper delta=8m32s688ms923µs600ns).
2025-06-01T07:54:09.492+05:30 ERROR 24280 --- [http-nio-8080-exec-4] demo.controller.StudentController        : Inside Error
2025-06-01T07:54:09.492+05:30  WARN 24280 --- [http-nio-8080-exec-4] demo.controller.StudentController        : Inside Warning
2025-06-01T07:54:09.492+05:30  INFO 24280 --- [http-nio-8080-exec-4] demo.controller.StudentController        : Inside Info
2025-06-01T07:54:09.492+05:30 DEBUG 24280 --- [http-nio-8080-exec-4] demo.controller.StudentController        : Inside debug
2025-06-01T07:54:09.492+05:30 TRACE 24280 --- [http-nio-8080-exec-4] demo.controller.StudentController        : Inside trace
