2025-05-31T01:10:33.814+05:30  INFO 14696 --- [restartedMain] demo.DemoApplication                     : Starting DemoApplication using Java 21.0.7 with PID 14696 (C:\Users\abdul\OneDrive\Desktop\Projects\Eclipse\demo\target\classes started by abdul in C:\Users\abdul\OneDrive\Desktop\Projects\Eclipse\demo)
2025-05-31T01:10:33.814+05:30  INFO 14696 --- [restartedMain] demo.DemoApplication                     : No active profile set, falling back to 1 default profile: "default"
2025-05-31T01:10:33.941+05:30  INFO 14696 --- [restartedMain] .s.d.r.c.RepositoryConfigurationDelegate : Bootstrapping Spring Data JPA repositories in DEFAULT mode.
2025-05-31T01:10:33.950+05:30  INFO 14696 --- [restartedMain] .s.d.r.c.RepositoryConfigurationDelegate : Finished Spring Data repository scanning in 8 ms. Found 3 JPA repository interfaces.
2025-05-31T01:10:34.010+05:30  INFO 14696 --- [restartedMain] o.s.b.w.embedded.tomcat.TomcatWebServer  : Tomcat initialized with port 8080 (http)
2025-05-31T01:10:34.011+05:30  INFO 14696 --- [restartedMain] o.apache.catalina.core.StandardService   : Starting service [Tomcat]
2025-05-31T01:10:34.011+05:30  INFO 14696 --- [restartedMain] o.apache.catalina.core.StandardEngine    : Starting Servlet engine: [Apache Tomcat/10.1.40]
2025-05-31T01:10:34.027+05:30  INFO 14696 --- [restartedMain] o.a.c.c.C.[Tomcat].[localhost].[/]       : Initializing Spring embedded WebApplicationContext
2025-05-31T01:10:34.027+05:30  INFO 14696 --- [restartedMain] w.s.c.ServletWebServerApplicationContext : Root WebApplicationContext: initialization completed in 211 ms
2025-05-31T01:10:34.052+05:30  INFO 14696 --- [restartedMain] com.zaxxer.hikari.HikariDataSource       : HikariPool-2 - Starting...
2025-05-31T01:10:34.063+05:30  INFO 14696 --- [restartedMain] com.zaxxer.hikari.pool.HikariPool        : HikariPool-2 - Added connection com.mysql.cj.jdbc.ConnectionImpl@3737f855
2025-05-31T01:10:34.063+05:30  INFO 14696 --- [restartedMain] com.zaxxer.hikari.HikariDataSource       : HikariPool-2 - Start completed.
2025-05-31T01:10:34.065+05:30  INFO 14696 --- [restartedMain] o.hibernate.jpa.internal.util.LogHelper  : HHH000204: Processing PersistenceUnitInfo [name: default]
2025-05-31T01:10:34.067+05:30  INFO 14696 --- [restartedMain] o.h.c.internal.RegionFactoryInitiator    : HHH000026: Second-level cache disabled
2025-05-31T01:10:34.073+05:30  INFO 14696 --- [restartedMain] o.s.o.j.p.SpringPersistenceUnitInfo      : No LoadTimeWeaver setup: ignoring JPA class transformer
2025-05-31T01:10:34.074+05:30  WARN 14696 --- [restartedMain] org.hibernate.orm.deprecation            : HHH90000025: MySQL8Dialect does not need to be specified explicitly using 'hibernate.dialect' (remove the property setting and it will be selected by default)
2025-05-31T01:10:34.074+05:30  WARN 14696 --- [restartedMain] org.hibernate.orm.deprecation            : HHH90000026: MySQL8Dialect has been deprecated; use org.hibernate.dialect.MySQLDialect instead
2025-05-31T01:10:34.075+05:30  INFO 14696 --- [restartedMain] org.hibernate.orm.connections.pooling    : HHH10001005: Database info:
	Database JDBC URL [Connecting through datasource 'HikariDataSource (HikariPool-2)']
	Database driver: undefined/unknown
	Database version: 8.0
	Autocommit mode: undefined/unknown
	Isolation level: undefined/unknown
	Minimum pool size: undefined/unknown
	Maximum pool size: undefined/unknown
2025-05-31T01:10:34.121+05:30  INFO 14696 --- [restartedMain] o.h.e.t.j.p.i.JtaPlatformInitiator       : HHH000489: No JTA platform available (set 'hibernate.transaction.jta.platform' to enable JTA platform integration)
2025-05-31T01:10:34.121+05:30  INFO 14696 --- [restartedMain] j.LocalContainerEntityManagerFactoryBean : Initialized JPA EntityManagerFactory for persistence unit 'default'
2025-05-31T01:10:34.196+05:30  WARN 14696 --- [restartedMain] JpaBaseConfiguration$JpaWebConfiguration : spring.jpa.open-in-view is enabled by default. Therefore, database queries may be performed during view rendering. Explicitly configure spring.jpa.open-in-view to disable this warning
2025-05-31T01:10:34.277+05:30  INFO 14696 --- [restartedMain] o.s.b.d.a.OptionalLiveReloadServer       : LiveReload server is running on port 35729
2025-05-31T01:10:34.284+05:30  INFO 14696 --- [restartedMain] o.s.b.w.embedded.tomcat.TomcatWebServer  : Tomcat started on port 8080 (http) with context path '/'
2025-05-31T01:10:34.286+05:30  INFO 14696 --- [restartedMain] demo.DemoApplication                     : Started DemoApplication in 0.499 seconds (process running for 1359.797)
2025-05-31T01:10:34.288+05:30  INFO 14696 --- [restartedMain] .ConditionEvaluationDeltaLoggingListener : Condition evaluation unchanged
2025-05-31T01:10:42.874+05:30  INFO 14696 --- [File Watcher] rtingClassPathChangeChangedEventListener : Restarting due to 1 class path change (0 additions, 0 deletions, 1 modification)
2025-05-31T01:10:42.876+05:30  INFO 14696 --- [Thread-7] o.s.b.w.e.tomcat.GracefulShutdown        : Commencing graceful shutdown. Waiting for active requests to complete
2025-05-31T01:10:42.882+05:30  INFO 14696 --- [tomcat-shutdown] o.s.b.w.e.tomcat.GracefulShutdown        : Graceful shutdown complete
2025-05-31T01:10:42.885+05:30  INFO 14696 --- [Thread-7] j.LocalContainerEntityManagerFactoryBean : Closing JPA EntityManagerFactory for persistence unit 'default'
2025-05-31T01:10:42.886+05:30  INFO 14696 --- [Thread-7] com.zaxxer.hikari.HikariDataSource       : HikariPool-2 - Shutdown initiated...
2025-05-31T01:10:42.890+05:30  INFO 14696 --- [Thread-7] com.zaxxer.hikari.HikariDataSource       : HikariPool-2 - Shutdown completed.
2025-05-31T01:10:42.954+05:30  INFO 14696 --- [restartedMain] demo.DemoApplication                     : Starting DemoApplication using Java 21.0.7 with PID 14696 (C:\Users\abdul\OneDrive\Desktop\Projects\Eclipse\demo\target\classes started by abdul in C:\Users\abdul\OneDrive\Desktop\Projects\Eclipse\demo)
2025-05-31T01:10:42.955+05:30  INFO 14696 --- [restartedMain] demo.DemoApplication                     : No active profile set, falling back to 1 default profile: "default"
2025-05-31T01:10:43.066+05:30  INFO 14696 --- [restartedMain] .s.d.r.c.RepositoryConfigurationDelegate : Bootstrapping Spring Data JPA repositories in DEFAULT mode.
2025-05-31T01:10:43.075+05:30  INFO 14696 --- [restartedMain] .s.d.r.c.RepositoryConfigurationDelegate : Finished Spring Data repository scanning in 8 ms. Found 3 JPA repository interfaces.
2025-05-31T01:10:43.117+05:30  INFO 14696 --- [restartedMain] o.s.b.w.embedded.tomcat.TomcatWebServer  : Tomcat initialized with port 8080 (http)
2025-05-31T01:10:43.118+05:30  INFO 14696 --- [restartedMain] o.apache.catalina.core.StandardService   : Starting service [Tomcat]
2025-05-31T01:10:43.118+05:30  INFO 14696 --- [restartedMain] o.apache.catalina.core.StandardEngine    : Starting Servlet engine: [Apache Tomcat/10.1.40]
2025-05-31T01:10:43.131+05:30  INFO 14696 --- [restartedMain] o.a.c.c.C.[Tomcat].[localhost].[/]       : Initializing Spring embedded WebApplicationContext
2025-05-31T01:10:43.131+05:30  INFO 14696 --- [restartedMain] w.s.c.ServletWebServerApplicationContext : Root WebApplicationContext: initialization completed in 175 ms
2025-05-31T01:10:43.148+05:30  INFO 14696 --- [restartedMain] com.zaxxer.hikari.HikariDataSource       : HikariPool-3 - Starting...
2025-05-31T01:10:43.157+05:30  INFO 14696 --- [restartedMain] com.zaxxer.hikari.pool.HikariPool        : HikariPool-3 - Added connection com.mysql.cj.jdbc.ConnectionImpl@4d06c918
2025-05-31T01:10:43.158+05:30  INFO 14696 --- [restartedMain] com.zaxxer.hikari.HikariDataSource       : HikariPool-3 - Start completed.
2025-05-31T01:10:43.158+05:30  INFO 14696 --- [restartedMain] o.hibernate.jpa.internal.util.LogHelper  : HHH000204: Processing PersistenceUnitInfo [name: default]
2025-05-31T01:10:43.160+05:30  INFO 14696 --- [restartedMain] o.h.c.internal.RegionFactoryInitiator    : HHH000026: Second-level cache disabled
2025-05-31T01:10:43.165+05:30  INFO 14696 --- [restartedMain] o.s.o.j.p.SpringPersistenceUnitInfo      : No LoadTimeWeaver setup: ignoring JPA class transformer
2025-05-31T01:10:43.166+05:30  WARN 14696 --- [restartedMain] org.hibernate.orm.deprecation            : HHH90000025: MySQL8Dialect does not need to be specified explicitly using 'hibernate.dialect' (remove the property setting and it will be selected by default)
2025-05-31T01:10:43.166+05:30  WARN 14696 --- [restartedMain] org.hibernate.orm.deprecation            : HHH90000026: MySQL8Dialect has been deprecated; use org.hibernate.dialect.MySQLDialect instead
2025-05-31T01:10:43.166+05:30  INFO 14696 --- [restartedMain] org.hibernate.orm.connections.pooling    : HHH10001005: Database info:
	Database JDBC URL [Connecting through datasource 'HikariDataSource (HikariPool-3)']
	Database driver: undefined/unknown
	Database version: 8.0
	Autocommit mode: undefined/unknown
	Isolation level: undefined/unknown
	Minimum pool size: undefined/unknown
	Maximum pool size: undefined/unknown
2025-05-31T01:10:43.219+05:30  INFO 14696 --- [restartedMain] o.h.e.t.j.p.i.JtaPlatformInitiator       : HHH000489: No JTA platform available (set 'hibernate.transaction.jta.platform' to enable JTA platform integration)
2025-05-31T01:10:43.219+05:30  INFO 14696 --- [restartedMain] j.LocalContainerEntityManagerFactoryBean : Initialized JPA EntityManagerFactory for persistence unit 'default'
2025-05-31T01:10:43.285+05:30  WARN 14696 --- [restartedMain] JpaBaseConfiguration$JpaWebConfiguration : spring.jpa.open-in-view is enabled by default. Therefore, database queries may be performed during view rendering. Explicitly configure spring.jpa.open-in-view to disable this warning
2025-05-31T01:10:43.339+05:30  INFO 14696 --- [restartedMain] o.s.b.d.a.OptionalLiveReloadServer       : LiveReload server is running on port 35729
2025-05-31T01:10:43.346+05:30  INFO 14696 --- [restartedMain] o.s.b.w.embedded.tomcat.TomcatWebServer  : Tomcat started on port 8080 (http) with context path '/'
2025-05-31T01:10:43.349+05:30  INFO 14696 --- [restartedMain] demo.DemoApplication                     : Started DemoApplication in 0.41 seconds (process running for 1368.859)
2025-05-31T01:10:43.349+05:30  INFO 14696 --- [restartedMain] .ConditionEvaluationDeltaLoggingListener : Condition evaluation unchanged
2025-05-31T01:11:24.010+05:30  INFO 14696 --- [http-nio-8080-exec-2] o.a.c.c.C.[Tomcat].[localhost].[/]       : Initializing Spring DispatcherServlet 'dispatcherServlet'
2025-05-31T01:11:24.010+05:30  INFO 14696 --- [http-nio-8080-exec-2] o.s.web.servlet.DispatcherServlet        : Initializing Servlet 'dispatcherServlet'
2025-05-31T01:11:24.012+05:30  INFO 14696 --- [http-nio-8080-exec-2] o.s.web.servlet.DispatcherServlet        : Completed initialization in 1 ms
2025-05-31T01:11:24.017+05:30  INFO 14696 --- [http-nio-8080-exec-2] demo.controller.StudentController        : inQueryRequest =InQueryRequest(firstNames=[Abdul])
2025-05-31T01:11:24.030+05:30  INFO 14696 --- [http-nio-8080-exec-2] demo.controller.StudentController        : studentResponseList =[StudentResponse(id=44, firstName=Abdul, lastName=Hannan, email=abdulhannan@gmail.com, fullName=Abdul Hannan, street=CB Road, city=Raichur, learningSubjects=[]), StudentResponse(id=45, firstName=Abdul, lastName=Hannan, email=abdulhannan@gmail.com, fullName=Abdul Hannan, street=CB Road, city=Raichur, learningSubjects=[SubjectResponse(id=1, subjectName=Mathematics, marksObtained=null), SubjectResponse(id=2, subjectName=Chemistry, marksObtained=null)]), StudentResponse(id=46, firstName=Abdul, lastName=Mannan, email=abdul.mannan.rcr@gmail.com, fullName=Abdul Mannan, street=CB ROAD, city=Raichur, learningSubjects=[SubjectResponse(id=3, subjectName=English, marksObtained=70.0), SubjectResponse(id=4, subjectName=Geography, marksObtained=80.0)])]
2025-05-31T01:12:17.686+05:30  INFO 14696 --- [http-nio-8080-exec-3] demo.controller.StudentController        : inQueryRequest =InQueryRequest(firstNames=[Abdul])
2025-05-31T01:12:17.693+05:30  INFO 14696 --- [http-nio-8080-exec-3] demo.controller.StudentController        : studentResponseList =[StudentResponse(id=44, firstName=Abdul, lastName=Hannan, email=abdulhannan@gmail.com, fullName=Abdul Hannan, street=CB Road, city=Raichur, learningSubjects=[]), StudentResponse(id=45, firstName=Abdul, lastName=Hannan, email=abdulhannan@gmail.com, fullName=Abdul Hannan, street=CB Road, city=Raichur, learningSubjects=[SubjectResponse(id=1, subjectName=Mathematics, marksObtained=null), SubjectResponse(id=2, subjectName=Chemistry, marksObtained=null)]), StudentResponse(id=46, firstName=Abdul, lastName=Mannan, email=abdul.mannan.rcr@gmail.com, fullName=Abdul Mannan, street=CB ROAD, city=Raichur, learningSubjects=[SubjectResponse(id=3, subjectName=English, marksObtained=70.0), SubjectResponse(id=4, subjectName=Geography, marksObtained=80.0)])]
2025-05-31T01:14:03.166+05:30  INFO 14696 --- [File Watcher] rtingClassPathChangeChangedEventListener : Restarting due to 1 class path change (0 additions, 0 deletions, 1 modification)
2025-05-31T01:14:03.169+05:30  INFO 14696 --- [Thread-11] o.s.b.w.e.tomcat.GracefulShutdown        : Commencing graceful shutdown. Waiting for active requests to complete
2025-05-31T01:14:03.177+05:30  INFO 14696 --- [tomcat-shutdown] o.s.b.w.e.tomcat.GracefulShutdown        : Graceful shutdown complete
2025-05-31T01:14:03.179+05:30  INFO 14696 --- [Thread-11] j.LocalContainerEntityManagerFactoryBean : Closing JPA EntityManagerFactory for persistence unit 'default'
2025-05-31T01:14:03.179+05:30  INFO 14696 --- [Thread-11] com.zaxxer.hikari.HikariDataSource       : HikariPool-3 - Shutdown initiated...
2025-05-31T01:14:03.183+05:30  INFO 14696 --- [Thread-11] com.zaxxer.hikari.HikariDataSource       : HikariPool-3 - Shutdown completed.
